<?xml version="1.0" encoding="UTF-8"?><testsuite errors="1" failures="0" name="testcases.LoginFeatureTest" skipped="0" tests="1" time="39.64" timestamp="2021-02-14 04:12:01"><testcase classname="testcases.LoginFeatureTest" name="To check the login feature of the application"><error message="Cannot invoke &quot;org.openqa.selenium.WebDriver.findElement(org.openqa.selenium.By)&quot; because &quot;driver&quot; is null" type="java.lang.NullPointerException">Cannot invoke "org.openqa.selenium.WebDriver.findElement(org.openqa.selenium.By)" because "driver" is null</error><system-err>Cannot invoke "org.openqa.selenium.WebDriver.findElement(org.openqa.selenium.By)" because "driver" is null&#13;
webPages.HomePage.doLogin(HomePage.java:13)&#13;
businessLogic.TryLogin.tryToLoginwithCredentials(TryLogin.java:11)&#13;
testcases.LoginFeatureTest.loginTest(LoginFeatureTest.java:27)&#13;
org.eclipse.jdt.internal.junit4.runner.JUnit4TestReference.run(JUnit4TestReference.java:89)&#13;
org.eclipse.jdt.internal.junit.runner.TestExecution.run(TestExecution.java:41)&#13;
org.eclipse.jdt.internal.junit.runner.RemoteTestRunner.runTests(RemoteTestRunner.java:542)&#13;
org.eclipse.jdt.internal.junit.runner.RemoteTestRunner.runTests(RemoteTestRunner.java:770)&#13;
org.eclipse.jdt.internal.junit.runner.RemoteTestRunner.run(RemoteTestRunner.java:464)&#13;
org.eclipse.jdt.internal.junit.runner.RemoteTestRunner.main(RemoteTestRunner.java:210)&#13;
</system-err></testcase></testsuite>